<?xml version="1.0" encoding="UTF-8"?>
<!-- Generated by org.testng.reporters.JUnitReportReporter -->
<testsuite hostname="DESKTOP-VC9EE72" failures="0" tests="1" name="com.jawadbouabid.credit.simulations.SimulationsFuctionalTest" time="0.148" errors="0" timestamp="2023-11-17T19:32:57 EST" skipped="0">
  <testcase classname="com.jawadbouabid.credit.simulations.SimulationsFuctionalTest" name="oneExistingSimulation" time="0.148"/>
  <system-out/>
</testsuite> <!-- com.jawadbouabid.credit.simulations.SimulationsFuctionalTest -->
